AndroidStudioProjects/app_educacion/app/build/intermediates/manifest_merge_blame_file/debug/processDebugMainManifest/manifest-merger-blame-debug-report.txt
1<?xml version="1.0" encoding="utf-8"?>
2<manifest xmlns:android="http://schemas.android.com/apk/res/android"
3    package="com.example.app_educacion"
4    android:versionCode="1"
5    android:versionName="1.0" >
6
7    <uses-sdk
8        android:minSdkVersion="24"
9        android:targetSdkVersion="34" />
10    <!-- Permisos necesarios -->
11    <uses-permission android:name="android.permission.INTERNET" />
11-->src\main\AndroidManifest.xml:5:5-67
11-->src\main\AndroidManifest.xml:5:22-64
12    <uses-permission android:name="android.permission.ACCESS_NETWORK_STATE" />
12-->src\main\AndroidManifest.xml:6:5-79
12-->src\main\AndroidManifest.xml:6:22-76
13    <uses-permission android:name="android.permission.POST_NOTIFICATIONS" />
13-->[com.google.firebase:firebase-messaging:23.1.0] AndroidManifest.xml:25:5-77
13-->[com.google.firebase:firebase-messaging:23.1.0] AndroidManifest.xml:25:22-74
14    <uses-permission android:name="android.permission.WAKE_LOCK" /> <!-- Required by older versions of Google Play services to create IID tokens -->
14-->[com.google.firebase:firebase-messaging:23.1.0] AndroidManifest.xml:26:5-68
14-->[com.google.firebase:firebase-messaging:23.1.0] AndroidManifest.xml:26:22-65
15    <uses-permission android:name="com.google.android.c2dm.permission.RECEIVE" />
15-->[com.google.firebase:firebase-messaging:23.1.0] AndroidManifest.xml:28:5-82
15-->[com.google.firebase:firebase-messaging:23.1.0] AndroidManifest.xml:28:22-79
16
17    <permission
17-->[androidx.core:core:1.15.0] AndroidManifest.xml:22:5-24:47
18        android:name="com.example.app_educacion.DYNAMIC_RECEIVER_NOT_EXPORTED_PERMISSION"
18-->[androidx.core:core:1.15.0] AndroidManifest.xml:23:9-81
19        android:protectionLevel="signature" />
19-->[androidx.core:core:1.15.0] AndroidManifest.xml:24:9-44
20
21    <uses-permission android:name="com.example.app_educacion.DYNAMIC_RECEIVER_NOT_EXPORTED_PERMISSION" />
21-->[androidx.core:core:1.15.0] AndroidManifest.xml:26:5-97
21-->[androidx.core:core:1.15.0] AndroidManifest.xml:26:22-94
22
23    <application
23-->src\main\AndroidManifest.xml:8:5-44:19
24        android:allowBackup="true"
24-->src\main\AndroidManifest.xml:9:9-35
25        android:appComponentFactory="androidx.core.app.CoreComponentFactory"
25-->[androidx.core:core:1.15.0] AndroidManifest.xml:28:18-86
26        android:dataExtractionRules="@xml/data_extraction_rules"
26-->src\main\AndroidManifest.xml:10:9-65
27        android:debuggable="true"
28        android:extractNativeLibs="false"
29        android:fullBackupContent="@xml/backup_rules"
29-->src\main\AndroidManifest.xml:11:9-54
30        android:icon="@mipmap/ic_launcher"
30-->src\main\AndroidManifest.xml:12:9-43
31        android:label="@string/app_name"
31-->src\main\AndroidManifest.xml:13:9-41
32        android:roundIcon="@mipmap/ic_launcher_round"
32-->src\main\AndroidManifest.xml:14:9-54
33        android:supportsRtl="true"
33-->src\main\AndroidManifest.xml:15:9-35
34        android:testOnly="true"
35        android:theme="@style/Theme.App_educacion" >
35-->src\main\AndroidManifest.xml:16:9-51
36        <activity
36-->src\main\AndroidManifest.xml:19:9-21:39
37            android:name="com.example.app_educacion.RegisterActivity"
37-->src\main\AndroidManifest.xml:20:13-45
38            android:exported="true" />
38-->src\main\AndroidManifest.xml:21:13-36
39        <activity
39-->src\main\AndroidManifest.xml:22:9-24:39
40            android:name="com.example.app_educacion.LoginActivity"
40-->src\main\AndroidManifest.xml:23:13-42
41            android:exported="true" />
41-->src\main\AndroidManifest.xml:24:13-36
42        <activity
42-->src\main\AndroidManifest.xml:25:9-27:39
43            android:name="com.example.app_educacion.MainActivity2"
43-->src\main\AndroidManifest.xml:26:13-42
44            android:exported="true" />
44-->src\main\AndroidManifest.xml:27:13-36
45        <activity
45-->src\main\AndroidManifest.xml:28:9-36:20
46            android:name="com.example.app_educacion.MainActivity"
46-->src\main\AndroidManifest.xml:29:13-41
47            android:exported="true" >
47-->src\main\AndroidManifest.xml:30:13-36
48            <intent-filter>
48-->src\main\AndroidManifest.xml:31:13-35:29
49                <action android:name="android.intent.action.MAIN" />
49-->src\main\AndroidManifest.xml:32:17-69
49-->src\main\AndroidManifest.xml:32:25-66
50
51                <category android:name="android.intent.category.LAUNCHER" />
51-->src\main\AndroidManifest.xml:34:17-77
51-->src\main\AndroidManifest.xml:34:27-74
52            </intent-filter>
53        </activity>
54
55        <service
55-->src\main\AndroidManifest.xml:37:9-43:19
56            android:name="com.google.firebase.messaging.FirebaseMessagingService"
56-->src\main\AndroidManifest.xml:38:13-82
57            android:directBootAware="true"
57-->[com.google.firebase:firebase-messaging:23.1.0] AndroidManifest.xml:46:13-43
58            android:exported="false" >
58-->src\main\AndroidManifest.xml:39:13-37
59            <intent-filter>
59-->src\main\AndroidManifest.xml:40:13-42:29
60                <action android:name="com.google.firebase.MESSAGING_EVENT" />
60-->src\main\AndroidManifest.xml:41:17-78
60-->src\main\AndroidManifest.xml:41:25-75
61            </intent-filter>
62            <intent-filter android:priority="-500" >
62-->src\main\AndroidManifest.xml:40:13-42:29
63                <action android:name="com.google.firebase.MESSAGING_EVENT" />
63-->src\main\AndroidManifest.xml:41:17-78
63-->src\main\AndroidManifest.xml:41:25-75
64            </intent-filter>
65        </service>
66
67        <activity
67-->[com.google.firebase:firebase-auth:21.0.5] AndroidManifest.xml:27:9-44:20
68            android:name="com.google.firebase.auth.internal.GenericIdpActivity"
68-->[com.google.firebase:firebase-auth:21.0.5] AndroidManifest.xml:28:13-80
69            android:excludeFromRecents="true"
69-->[com.google.firebase:firebase-auth:21.0.5] AndroidManifest.xml:29:13-46
70            android:exported="true"
70-->[com.google.firebase:firebase-auth:21.0.5] AndroidManifest.xml:30:13-36
71            android:launchMode="singleTask"
71-->[com.google.firebase:firebase-auth:21.0.5] AndroidManifest.xml:31:13-44
72            android:theme="@android:style/Theme.Translucent.NoTitleBar" >
72-->[com.google.firebase:firebase-auth:21.0.5] AndroidManifest.xml:32:13-72
73            <intent-filter>
73-->[com.google.firebase:firebase-auth:21.0.5] AndroidManifest.xml:33:13-43:29
74                <action android:name="android.intent.action.VIEW" />
74-->[com.google.firebase:firebase-auth:21.0.5] AndroidManifest.xml:34:17-69
74-->[com.google.firebase:firebase-auth:21.0.5] AndroidManifest.xml:34:25-66
75
76                <category android:name="android.intent.category.DEFAULT" />
76-->[com.google.firebase:firebase-auth:21.0.5] AndroidManifest.xml:36:17-76
76-->[com.google.firebase:firebase-auth:21.0.5] AndroidManifest.xml:36:27-73
77                <category android:name="android.intent.category.BROWSABLE" />
77-->[com.google.firebase:firebase-auth:21.0.5] AndroidManifest.xml:37:17-78
77-->[com.google.firebase:firebase-auth:21.0.5] AndroidManifest.xml:37:27-75
78
79                <data
79-->[com.google.firebase:firebase-auth:21.0.5] AndroidManifest.xml:39:17-42:51
80                    android:host="firebase.auth"
80-->[com.google.firebase:firebase-auth:21.0.5] AndroidManifest.xml:40:21-49
81                    android:path="/"
81-->[com.google.firebase:firebase-auth:21.0.5] AndroidManifest.xml:41:21-37
82                    android:scheme="genericidp" />
82-->[com.google.firebase:firebase-auth:21.0.5] AndroidManifest.xml:42:21-48
83            </intent-filter>
84        </activity>
85        <activity
85-->[com.google.firebase:firebase-auth:21.0.5] AndroidManifest.xml:45:9-62:20
86            android:name="com.google.firebase.auth.internal.RecaptchaActivity"
86-->[com.google.firebase:firebase-auth:21.0.5] AndroidManifest.xml:46:13-79
87            android:excludeFromRecents="true"
87-->[com.google.firebase:firebase-auth:21.0.5] AndroidManifest.xml:47:13-46
88            android:exported="true"
88-->[com.google.firebase:firebase-auth:21.0.5] AndroidManifest.xml:48:13-36
89            android:launchMode="singleTask"
89-->[com.google.firebase:firebase-auth:21.0.5] AndroidManifest.xml:49:13-44
90            android:theme="@android:style/Theme.Translucent.NoTitleBar" >
90-->[com.google.firebase:firebase-auth:21.0.5] AndroidManifest.xml:50:13-72
91            <intent-filter>
91-->[com.google.firebase:firebase-auth:21.0.5] AndroidManifest.xml:51:13-61:29
92                <action android:name="android.intent.action.VIEW" />
92-->[com.google.firebase:firebase-auth:21.0.5] AndroidManifest.xml:34:17-69
92-->[com.google.firebase:firebase-auth:21.0.5] AndroidManifest.xml:34:25-66
93
94                <category android:name="android.intent.category.DEFAULT" />
94-->[com.google.firebase:firebase-auth:21.0.5] AndroidManifest.xml:36:17-76
94-->[com.google.firebase:firebase-auth:21.0.5] AndroidManifest.xml:36:27-73
95                <category android:name="android.intent.category.BROWSABLE" />
95-->[com.google.firebase:firebase-auth:21.0.5] AndroidManifest.xml:37:17-78
95-->[com.google.firebase:firebase-auth:21.0.5] AndroidManifest.xml:37:27-75
96
97                <data
97-->[com.google.firebase:firebase-auth:21.0.5] AndroidManifest.xml:39:17-42:51
98                    android:host="firebase.auth"
98-->[com.google.firebase:firebase-auth:21.0.5] AndroidManifest.xml:40:21-49
99                    android:path="/"
99-->[com.google.firebase:firebase-auth:21.0.5] AndroidManifest.xml:41:21-37
100                    android:scheme="recaptcha" />
100-->[com.google.firebase:firebase-auth:21.0.5] AndroidManifest.xml:42:21-48
101            </intent-filter>
102        </activity>
103
104        <service
104-->[com.google.firebase:firebase-auth:21.0.5] AndroidManifest.xml:64:9-70:19
105            android:name="com.google.firebase.components.ComponentDiscoveryService"
105-->[com.google.firebase:firebase-auth:21.0.5] AndroidManifest.xml:65:13-84
106            android:directBootAware="true"
106-->[com.google.firebase:firebase-common:20.2.0] AndroidManifest.xml:34:13-43
107            android:exported="false" >
107-->[com.google.firebase:firebase-auth:21.0.5] AndroidManifest.xml:66:13-37
108            <meta-data
108-->[com.google.firebase:firebase-auth:21.0.5] AndroidManifest.xml:67:13-69:85
109                android:name="com.google.firebase.components:com.google.firebase.auth.FirebaseAuthRegistrar"
109-->[com.google.firebase:firebase-auth:21.0.5] AndroidManifest.xml:68:17-109
110                android:value="com.google.firebase.components.ComponentRegistrar" />
110-->[com.google.firebase:firebase-auth:21.0.5] AndroidManifest.xml:69:17-82
111            <meta-data
111-->[com.google.firebase:firebase-database:20.1.0] AndroidManifest.xml:31:13-33:85
112                android:name="com.google.firebase.components:com.google.firebase.database.DatabaseRegistrar"
112-->[com.google.firebase:firebase-database:20.1.0] AndroidManifest.xml:32:17-109
113                android:value="com.google.firebase.components.ComponentRegistrar" />
113-->[com.google.firebase:firebase-database:20.1.0] AndroidManifest.xml:33:17-82
114            <meta-data
114-->[com.google.firebase:firebase-messaging:23.1.0] AndroidManifest.xml:55:13-57:85
115                android:name="com.google.firebase.components:com.google.firebase.messaging.FirebaseMessagingRegistrar"
115-->[com.google.firebase:firebase-messaging:23.1.0] AndroidManifest.xml:56:17-119
116                android:value="com.google.firebase.components.ComponentRegistrar" />
116-->[com.google.firebase:firebase-messaging:23.1.0] AndroidManifest.xml:57:17-82
117            <meta-data
117-->[com.google.firebase:firebase-datatransport:18.1.7] AndroidManifest.xml:27:13-29:85
118                android:name="com.google.firebase.components:com.google.firebase.datatransport.TransportRegistrar"
118-->[com.google.firebase:firebase-datatransport:18.1.7] AndroidManifest.xml:28:17-115
119                android:value="com.google.firebase.components.ComponentRegistrar" />
119-->[com.google.firebase:firebase-datatransport:18.1.7] AndroidManifest.xml:29:17-82
120            <meta-data
120-->[com.google.firebase:firebase-installations:17.1.0] AndroidManifest.xml:17:13-19:85
121                android:name="com.google.firebase.components:com.google.firebase.installations.FirebaseInstallationsRegistrar"
121-->[com.google.firebase:firebase-installations:17.1.0] AndroidManifest.xml:18:17-127
122                android:value="com.google.firebase.components.ComponentRegistrar" />
122-->[com.google.firebase:firebase-installations:17.1.0] AndroidManifest.xml:19:17-82
123        </service>
124
125        <receiver
125-->[com.google.firebase:firebase-messaging:23.1.0] AndroidManifest.xml:31:9-38:20
126            android:name="com.google.firebase.iid.FirebaseInstanceIdReceiver"
126-->[com.google.firebase:firebase-messaging:23.1.0] AndroidManifest.xml:32:13-78
127            android:exported="true"
127-->[com.google.firebase:firebase-messaging:23.1.0] AndroidManifest.xml:33:13-36
128            android:permission="com.google.android.c2dm.permission.SEND" >
128-->[com.google.firebase:firebase-messaging:23.1.0] AndroidManifest.xml:34:13-73
129            <intent-filter>
129-->[com.google.firebase:firebase-messaging:23.1.0] AndroidManifest.xml:35:13-37:29
130                <action android:name="com.google.android.c2dm.intent.RECEIVE" />
130-->[com.google.firebase:firebase-messaging:23.1.0] AndroidManifest.xml:36:17-81
130-->[com.google.firebase:firebase-messaging:23.1.0] AndroidManifest.xml:36:25-78
131            </intent-filter>
132        </receiver>
133
134        <provider
134-->[com.google.firebase:firebase-common:20.2.0] AndroidManifest.xml:25:9-30:39
135            android:name="com.google.firebase.provider.FirebaseInitProvider"
135-->[com.google.firebase:firebase-common:20.2.0] AndroidManifest.xml:26:13-77
136            android:authorities="com.example.app_educacion.firebaseinitprovider"
136-->[com.google.firebase:firebase-common:20.2.0] AndroidManifest.xml:27:13-72
137            android:directBootAware="true"
137-->[com.google.firebase:firebase-common:20.2.0] AndroidManifest.xml:28:13-43
138            android:exported="false"
138-->[com.google.firebase:firebase-common:20.2.0] AndroidManifest.xml:29:13-37
139            android:initOrder="100" />
139-->[com.google.firebase:firebase-common:20.2.0] AndroidManifest.xml:30:13-36
140
141        <activity
141-->[com.google.android.gms:play-services-base:18.0.1] AndroidManifest.xml:20:9-22:45
142            android:name="com.google.android.gms.common.api.GoogleApiActivity"
142-->[com.google.android.gms:play-services-base:18.0.1] AndroidManifest.xml:20:19-85
143            android:exported="false"
143-->[com.google.android.gms:play-services-base:18.0.1] AndroidManifest.xml:22:19-43
144            android:theme="@android:style/Theme.Translucent.NoTitleBar" />
144-->[com.google.android.gms:play-services-base:18.0.1] AndroidManifest.xml:21:19-78
145
146        <meta-data
146-->[com.google.android.gms:play-services-basement:18.1.0] AndroidManifest.xml:21:9-23:69
147            android:name="com.google.android.gms.version"
147-->[com.google.android.gms:play-services-basement:18.1.0] AndroidManifest.xml:22:13-58
148            android:value="@integer/google_play_services_version" />
148-->[com.google.android.gms:play-services-basement:18.1.0] AndroidManifest.xml:23:13-66
149
150        <provider
150-->[androidx.emoji2:emoji2:1.3.0] AndroidManifest.xml:24:9-32:20
151            android:name="androidx.startup.InitializationProvider"
151-->[androidx.emoji2:emoji2:1.3.0] AndroidManifest.xml:25:13-67
152            android:authorities="com.example.app_educacion.androidx-startup"
152-->[androidx.emoji2:emoji2:1.3.0] AndroidManifest.xml:26:13-68
153            android:exported="false" >
153-->[androidx.emoji2:emoji2:1.3.0] AndroidManifest.xml:27:13-37
154            <meta-data
154-->[androidx.emoji2:emoji2:1.3.0] AndroidManifest.xml:29:13-31:52
155                android:name="androidx.emoji2.text.EmojiCompatInitializer"
155-->[androidx.emoji2:emoji2:1.3.0] AndroidManifest.xml:30:17-75
156                android:value="androidx.startup" />
156-->[androidx.emoji2:emoji2:1.3.0] AndroidManifest.xml:31:17-49
157            <meta-data
157-->[androidx.lifecycle:lifecycle-process:2.6.2] AndroidManifest.xml:29:13-31:52
158                android:name="androidx.lifecycle.ProcessLifecycleInitializer"
158-->[androidx.lifecycle:lifecycle-process:2.6.2] AndroidManifest.xml:30:17-78
159                android:value="androidx.startup" />
159-->[androidx.lifecycle:lifecycle-process:2.6.2] AndroidManifest.xml:31:17-49
160            <meta-data
160-->[androidx.profileinstaller:profileinstaller:1.4.0] AndroidManifest.xml:29:13-31:52
161                android:name="androidx.profileinstaller.ProfileInstallerInitializer"
161-->[androidx.profileinstaller:profileinstaller:1.4.0] AndroidManifest.xml:30:17-85
162                android:value="androidx.startup" />
162-->[androidx.profileinstaller:profileinstaller:1.4.0] AndroidManifest.xml:31:17-49
163        </provider>
164
165        <uses-library
165-->[androidx.window:window:1.0.0] AndroidManifest.xml:25:9-27:40
166            android:name="androidx.window.extensions"
166-->[androidx.window:window:1.0.0] AndroidManifest.xml:26:13-54
167            android:required="false" />
167-->[androidx.window:window:1.0.0] AndroidManifest.xml:27:13-37
168        <uses-library
168-->[androidx.window:window:1.0.0] AndroidManifest.xml:28:9-30:40
169            android:name="androidx.window.sidecar"
169-->[androidx.window:window:1.0.0] AndroidManifest.xml:29:13-51
170            android:required="false" />
170-->[androidx.window:window:1.0.0] AndroidManifest.xml:30:13-37
171
172        <receiver
172-->[androidx.profileinstaller:profileinstaller:1.4.0] AndroidManifest.xml:34:9-52:20
173            android:name="androidx.profileinstaller.ProfileInstallReceiver"
173-->[androidx.profileinstaller:profileinstaller:1.4.0] AndroidManifest.xml:35:13-76
174            android:directBootAware="false"
174-->[androidx.profileinstaller:profileinstaller:1.4.0] AndroidManifest.xml:36:13-44
175            android:enabled="true"
175-->[androidx.profileinstaller:profileinstaller:1.4.0] AndroidManifest.xml:37:13-35
176            android:exported="true"
176-->[androidx.profileinstaller:profileinstaller:1.4.0] AndroidManifest.xml:38:13-36
177            android:permission="android.permission.DUMP" >
177-->[androidx.profileinstaller:profileinstaller:1.4.0] AndroidManifest.xml:39:13-57
178            <intent-filter>
178-->[androidx.profileinstaller:profileinstaller:1.4.0] AndroidManifest.xml:40:13-42:29
179                <action android:name="androidx.profileinstaller.action.INSTALL_PROFILE" />
179-->[androidx.profileinstaller:profileinstaller:1.4.0] AndroidManifest.xml:41:17-91
179-->[androidx.profileinstaller:profileinstaller:1.4.0] AndroidManifest.xml:41:25-88
180            </intent-filter>
181            <intent-filter>
181-->[androidx.profileinstaller:profileinstaller:1.4.0] AndroidManifest.xml:43:13-45:29
182                <action android:name="androidx.profileinstaller.action.SKIP_FILE" />
182-->[androidx.profileinstaller:profileinstaller:1.4.0] AndroidManifest.xml:44:17-85
182-->[androidx.profileinstaller:profileinstaller:1.4.0] AndroidManifest.xml:44:25-82
183            </intent-filter>
184            <intent-filter>
184-->[androidx.profileinstaller:profileinstaller:1.4.0] AndroidManifest.xml:46:13-48:29
185                <action android:name="androidx.profileinstaller.action.SAVE_PROFILE" />
185-->[androidx.profileinstaller:profileinstaller:1.4.0] AndroidManifest.xml:47:17-88
185-->[androidx.profileinstaller:profileinstaller:1.4.0] AndroidManifest.xml:47:25-85
186            </intent-filter>
187            <intent-filter>
187-->[androidx.profileinstaller:profileinstaller:1.4.0] AndroidManifest.xml:49:13-51:29
188                <action android:name="androidx.profileinstaller.action.BENCHMARK_OPERATION" />
188-->[androidx.profileinstaller:profileinstaller:1.4.0] AndroidManifest.xml:50:17-95
188-->[androidx.profileinstaller:profileinstaller:1.4.0] AndroidManifest.xml:50:25-92
189            </intent-filter>
190        </receiver>
191
192        <service
192-->[com.google.android.datatransport:transport-backend-cct:3.1.8] AndroidManifest.xml:28:9-34:19
193            android:name="com.google.android.datatransport.runtime.backends.TransportBackendDiscovery"
193-->[com.google.android.datatransport:transport-backend-cct:3.1.8] AndroidManifest.xml:29:13-103
194            android:exported="false" >
194-->[com.google.android.datatransport:transport-backend-cct:3.1.8] AndroidManifest.xml:30:13-37
195            <meta-data
195-->[com.google.android.datatransport:transport-backend-cct:3.1.8] AndroidManifest.xml:31:13-33:39
196                android:name="backend:com.google.android.datatransport.cct.CctBackendFactory"
196-->[com.google.android.datatransport:transport-backend-cct:3.1.8] AndroidManifest.xml:32:17-94
197                android:value="cct" />
197-->[com.google.android.datatransport:transport-backend-cct:3.1.8] AndroidManifest.xml:33:17-36
198        </service>
199        <service
199-->[com.google.android.datatransport:transport-runtime:3.1.8] AndroidManifest.xml:26:9-30:19
200            android:name="com.google.android.datatransport.runtime.scheduling.jobscheduling.JobInfoSchedulerService"
200-->[com.google.android.datatransport:transport-runtime:3.1.8] AndroidManifest.xml:27:13-117
201            android:exported="false"
201-->[com.google.android.datatransport:transport-runtime:3.1.8] AndroidManifest.xml:28:13-37
202            android:permission="android.permission.BIND_JOB_SERVICE" >
202-->[com.google.android.datatransport:transport-runtime:3.1.8] AndroidManifest.xml:29:13-69
203        </service>
204
205        <receiver
205-->[com.google.android.datatransport:transport-runtime:3.1.8] AndroidManifest.xml:32:9-34:40
206            android:name="com.google.android.datatransport.runtime.scheduling.jobscheduling.AlarmManagerSchedulerBroadcastReceiver"
206-->[com.google.android.datatransport:transport-runtime:3.1.8] AndroidManifest.xml:33:13-132
207            android:exported="false" />
207-->[com.google.android.datatransport:transport-runtime:3.1.8] AndroidManifest.xml:34:13-37
208    </application>
209
210</manifest>